<?xml version="1.0" encoding="UTF-8"?>
<testng-results total="1" passed="0" failed="0" skipped="1">
  <reporter-output>
  </reporter-output>
  <suite started-at="2023-06-12T11:50:12Z" name="Default suite" finished-at="2023-06-12T11:50:35Z" duration-ms="23781">
    <groups>
    </groups>
    <test started-at="2023-06-12T11:50:12Z" name="Default test" finished-at="2023-06-12T11:50:35Z" duration-ms="23781">
      <class name="TestExecute.Hydroflask.regressionTestcase.Test_DGLD_HF_ST_001_Guest_user_Checkout_Funtionality_Visa_card">
        <test-method is-config="true" signature="startTest()[pri:0, instance:TestExecute.Hydroflask.regressionTestcase.Test_DGLD_HF_ST_001_Guest_user_Checkout_Funtionality_Visa_card@138a7441]" started-at="2023-06-12T17:20:12Z" name="startTest" finished-at="2023-06-12T17:20:12Z" duration-ms="0" status="FAIL">
          <exception class="java.lang.NullPointerException">
            <message>
              <![CDATA[Cannot invoke "org.openqa.selenium.WebDriver.findElements(org.openqa.selenium.By)" because the return value of "TestLib.Common.getDriver()" is null]]>
            </message>
            <full-stacktrace>
              <![CDATA[java.lang.NullPointerException: Cannot invoke "org.openqa.selenium.WebDriver.findElements(org.openqa.selenium.By)" because the return value of "TestLib.Common.getDriver()" is null
	at TestLib.Common.findElements(Common.java:174)
	at TestComponent.Hydroflask.GoldHydroHelper.close_add(GoldHydroHelper.java:1734)
	at TestExecute.Hydroflask.regressionTestcase.Test_DGLD_HF_ST_001_Guest_user_Checkout_Funtionality_Visa_card.startTest(Test_DGLD_HF_ST_001_Guest_user_Checkout_Funtionality_Visa_card.java:55)
	at java.base/jdk.internal.reflect.NativeMethodAccessorImpl.invoke0(Native Method)
	at java.base/jdk.internal.reflect.NativeMethodAccessorImpl.invoke(NativeMethodAccessorImpl.java:78)
	at java.base/jdk.internal.reflect.DelegatingMethodAccessorImpl.invoke(DelegatingMethodAccessorImpl.java:43)
	at java.base/java.lang.reflect.Method.invoke(Method.java:567)
	at org.testng.internal.MethodInvocationHelper.invokeMethod(MethodInvocationHelper.java:80)
	at org.testng.internal.Invoker.invokeConfigurationMethod(Invoker.java:564)
	at org.testng.internal.Invoker.invokeConfigurations(Invoker.java:213)
	at org.testng.internal.Invoker.invokeConfigurations(Invoker.java:138)
	at org.testng.TestRunner.beforeRun(TestRunner.java:641)
	at org.testng.TestRunner.run(TestRunner.java:609)
	at org.testng.SuiteRunner.runTest(SuiteRunner.java:334)
	at org.testng.SuiteRunner.runSequentially(SuiteRunner.java:329)
	at org.testng.SuiteRunner.privateRun(SuiteRunner.java:291)
	at org.testng.SuiteRunner.run(SuiteRunner.java:240)
	at org.testng.SuiteRunnerWorker.runSuite(SuiteRunnerWorker.java:52)
	at org.testng.SuiteRunnerWorker.run(SuiteRunnerWorker.java:86)
	at org.testng.TestNG.runSuitesSequentially(TestNG.java:1198)
	at org.testng.TestNG.runSuitesLocally(TestNG.java:1123)
	at org.testng.TestNG.run(TestNG.java:1031)
	at org.testng.remote.AbstractRemoteTestNG.run(AbstractRemoteTestNG.java:115)
	at org.testng.remote.RemoteTestNG.initAndRun(RemoteTestNG.java:251)
	at org.testng.remote.RemoteTestNG.main(RemoteTestNG.java:77)
]]>
            </full-stacktrace>
          </exception> <!-- java.lang.NullPointerException -->
          <reporter-output>
          </reporter-output>
        </test-method> <!-- startTest -->
        <test-method signature="Validate_Guest_Checkout_Funtionality_Visa_card()[pri:0, instance:TestExecute.Hydroflask.regressionTestcase.Test_DGLD_HF_ST_001_Guest_user_Checkout_Funtionality_Visa_card@138a7441]" started-at="2023-06-12T17:20:35Z" name="Validate_Guest_Checkout_Funtionality_Visa_card" finished-at="2023-06-12T17:20:35Z" duration-ms="1" status="SKIP">
          <reporter-output>
          </reporter-output>
        </test-method> <!-- Validate_Guest_Checkout_Funtionality_Visa_card -->
        <test-method is-config="true" signature="clearBrowser()[pri:0, instance:TestExecute.Hydroflask.regressionTestcase.Test_DGLD_HF_ST_001_Guest_user_Checkout_Funtionality_Visa_card@138a7441]" started-at="2023-06-12T17:20:35Z" name="clearBrowser" finished-at="2023-06-12T17:20:35Z" duration-ms="0" status="SKIP">
          <reporter-output>
          </reporter-output>
        </test-method> <!-- clearBrowser -->
      </class> <!-- TestExecute.Hydroflask.regressionTestcase.Test_DGLD_HF_ST_001_Guest_user_Checkout_Funtionality_Visa_card -->
    </test> <!-- Default test -->
  </suite> <!-- Default suite -->
</testng-results>
